c:\users\joeyj\source\repos\cli_task_tracker\cli_task_tracker\x64\debug\vc143.pdb
c:\users\joeyj\source\repos\cli_task_tracker\cli_task_tracker\x64\debug\vc143.idb
c:\users\joeyj\source\repos\cli_task_tracker\cli_task_tracker\x64\debug\main.nativecodeanalysis.sarif
c:\users\joeyj\source\repos\cli_task_tracker\cli_task_tracker\x64\debug\main.nativecodeanalysis.xml
c:\users\joeyj\source\repos\cli_task_tracker\cli_task_tracker\x64\debug\cad.nativecodeanalysis.sarif
c:\users\joeyj\source\repos\cli_task_tracker\cli_task_tracker\x64\debug\cad.nativecodeanalysis.xml
c:\users\joeyj\source\repos\cli_task_tracker\cli_task_tracker\x64\debug\cad.obj
c:\users\joeyj\source\repos\cli_task_tracker\cli_task_tracker\x64\debug\main.obj
c:\users\joeyj\source\repos\cli_task_tracker\x64\debug\cli_task_tracker.exe
c:\users\joeyj\source\repos\cli_task_tracker\x64\debug\cli_task_tracker.pdb
c:\users\joeyj\source\repos\cli_task_tracker\cli_task_tracker\x64\debug\cli_task_tracker.ilk
c:\users\joeyj\source\repos\cli_task_tracker\cli_task_tracker\x64\debug\vc.nativecodeanalysis.all.xml
c:\users\joeyj\source\repos\cli_task_tracker\cli_task_tracker\x64\debug\cli_task_tracker.tlog\cl.command.1.tlog
c:\users\joeyj\source\repos\cli_task_tracker\cli_task_tracker\x64\debug\cli_task_tracker.tlog\cl.items.tlog
c:\users\joeyj\source\repos\cli_task_tracker\cli_task_tracker\x64\debug\cli_task_tracker.tlog\cl.read.1.tlog
c:\users\joeyj\source\repos\cli_task_tracker\cli_task_tracker\x64\debug\cli_task_tracker.tlog\cl.write.1.tlog
c:\users\joeyj\source\repos\cli_task_tracker\cli_task_tracker\x64\debug\cli_task_tracker.tlog\link.command.1.tlog
c:\users\joeyj\source\repos\cli_task_tracker\cli_task_tracker\x64\debug\cli_task_tracker.tlog\link.read.1.tlog
c:\users\joeyj\source\repos\cli_task_tracker\cli_task_tracker\x64\debug\cli_task_tracker.tlog\link.secondary.1.tlog
c:\users\joeyj\source\repos\cli_task_tracker\cli_task_tracker\x64\debug\cli_task_tracker.tlog\link.write.1.tlog
